c:\users\julien\desktop\tetrissfml\debug\vc142.pdb
c:\users\julien\desktop\tetrissfml\debug\vc142.idb
c:\users\julien\desktop\tetrissfml\debug\test.obj
c:\users\julien\desktop\tetrissfml\debug\framemanager.obj
c:\users\julien\desktop\tetrissfml\debug\mainmenustate.obj
c:\users\julien\desktop\tetrissfml\debug\main.obj
c:\users\julien\desktop\tetrissfml\debug\graphiquemanager.obj
c:\users\julien\desktop\tetrissfml\debug\clicmanager.obj
c:\users\julien\desktop\tetrissfml\debug\memorymanager.obj
c:\users\julien\desktop\tetrissfml\debug\gamedata.obj
c:\users\julien\desktop\tetrissfml\debug\tetrissfml.exe
c:\users\julien\desktop\tetrissfml\debug\tetrissfml.ilk
c:\users\julien\desktop\tetrissfml\debug\tetrissfml.pdb
c:\users\julien\desktop\tetrissfml\debug\memorymanager.obj.enc
c:\users\julien\desktop\tetrissfml\debug\tetrissfml.tlog\cl.command.1.tlog
c:\users\julien\desktop\tetrissfml\debug\tetrissfml.tlog\cl.read.1.tlog
c:\users\julien\desktop\tetrissfml\debug\tetrissfml.tlog\cl.write.1.tlog
c:\users\julien\desktop\tetrissfml\debug\tetrissfml.tlog\link.command.1.tlog
c:\users\julien\desktop\tetrissfml\debug\tetrissfml.tlog\link.read.1.tlog
c:\users\julien\desktop\tetrissfml\debug\tetrissfml.tlog\link.write.1.tlog
